Array
(
    [instructor_id] => 18
    [date] => 2025-09-05
    [role] => instructor
)
Array
(
    [instructor_id] => 18
    [date] => 2025-09-05
    [role] => instructor
)
Array
(
    [instructor_id] => 18
    [date] => 2025-09-05
    [role] => instructor
)
Array
(
    [instructor_id] => 18
    [date] => 2025-09-05
    [role] => instructor
)
Array
(
    [instructor_id] => 18
    [date] => 2025-09-05
    [role] => instructor
)
Array
(
    [instructor_id] => 18
    [date] => 2025-09-05
    [role] => instructor
)
Array
(
    [instructor_id] => 18
    [date] => 2025-09-05
    [role] => instructor
)
Array
(
    [instructor_id] => 18
    [date] => 2025-09-05
    [role] => instructor
)
